<?xml version="1.0" encoding="UTF-8"?>
<!-- Generated by org.testng.reporters.JUnitReportReporter -->
<testsuite hostname="Zephyrus_G14" failures="0" tests="1" name="TestClasses.AddAppointmentTest" time="26.526" errors="0" timestamp="2025-05-10T23:25:39 IST" skipped="0">
  <testcase classname="TestClasses.AddAppointmentTest" name="addVisit" time="26.526"/>
  <system-out>
    <![CDATA[Test has been started
Test case is passed]]>
  </system-out>
</testsuite> <!-- TestClasses.AddAppointmentTest -->
