<?xml version="1.0" encoding="UTF-8"?>
<!-- Generated by org.testng.reporters.JUnitReportReporter -->
<testsuite hostname="Zephyrus_G14" failures="0" tests="2" name="TestClasses.RegisterPatientTest" time="62.489" errors="0" timestamp="2025-05-10T23:25:39 IST" skipped="1">
  <testcase classname="TestClasses.RegisterPatientTest" name="addPatient" time="25.640"/>
  <system-out>
    <![CDATA[Test has been started
Test case is passed]]>
  </system-out>
  <testcase classname="TestClasses.RegisterPatientTest" name="addPatient" time="36.849">
    <skipped/>
  </testcase> <!-- addPatient -->
  <system-out>
    <![CDATA[Test has been started
Test case is skipped]]>
  </system-out>
</testsuite> <!-- TestClasses.RegisterPatientTest -->
