<?xml version="1.0" encoding="UTF-8"?>
<!-- Generated by org.testng.reporters.JUnitReportReporter -->
<testsuite hostname="Zephyrus_G14" failures="0" tests="2" name="TestClasses.AddPatVitalsTest" time="43.696" errors="0" timestamp="2025-05-10T23:25:39 IST" skipped="1">
  <testcase classname="TestClasses.AddPatVitalsTest" name="addPatVitals" time="15.353">
    <skipped/>
  </testcase> <!-- addPatVitals -->
  <system-out>
    <![CDATA[Test has been started
Test case is skipped]]>
  </system-out>
  <testcase classname="TestClasses.AddPatVitalsTest" name="addPatVitals" time="28.343"/>
  <system-out>
    <![CDATA[Test has been started
Test case is passed]]>
  </system-out>
</testsuite> <!-- TestClasses.AddPatVitalsTest -->
