<?xml version="1.0" encoding="UTF-8"?>
<!-- Generated by org.testng.reporters.JUnitReportReporter -->
<testsuite hostname="Zephyrus_G14" failures="0" tests="2" name="TestClasses.EndVisitTest" time="66.300" errors="0" timestamp="2025-05-10T23:25:39 IST" skipped="1">
  <testcase classname="TestClasses.EndVisitTest" name="endVisit" time="26.235">
    <skipped/>
  </testcase> <!-- endVisit -->
  <system-out>
    <![CDATA[Test has been started
Test case is skipped]]>
  </system-out>
  <testcase classname="TestClasses.EndVisitTest" name="endVisit" time="40.065"/>
  <system-out>
    <![CDATA[Test has been started
Test case is passed]]>
  </system-out>
</testsuite> <!-- TestClasses.EndVisitTest -->
